mode: atomic
github.com/disaster37/go-kibana-rest/kibana.go:26.42,28.2 1 1
github.com/disaster37/go-kibana-rest/kibana.go:31.45,32.23 1 2
github.com/disaster37/go-kibana-rest/kibana.go:36.2,41.31 2 2
github.com/disaster37/go-kibana-rest/kibana.go:45.2,50.34 2 2
github.com/disaster37/go-kibana-rest/kibana.go:54.2,54.20 1 2
github.com/disaster37/go-kibana-rest/kibana.go:32.23,34.3 1 1
github.com/disaster37/go-kibana-rest/kibana.go:41.31,43.3 1 0
github.com/disaster37/go-kibana-rest/kibana.go:50.34,52.3 1 1
github.com/disaster37/go-kibana-rest/kbapi/api.kibana_status.go:21.62,22.38 1 1
github.com/disaster37/go-kibana-rest/kbapi/api.kibana_status.go:22.38,24.17 2 1
github.com/disaster37/go-kibana-rest/kbapi/api.kibana_status.go:27.3,28.31 2 1
github.com/disaster37/go-kibana-rest/kbapi/api.kibana_status.go:34.3,36.17 3 1
github.com/disaster37/go-kibana-rest/kbapi/api.kibana_status.go:39.3,41.27 2 1
github.com/disaster37/go-kibana-rest/kbapi/api.kibana_status.go:24.17,26.4 1 0
github.com/disaster37/go-kibana-rest/kbapi/api.kibana_status.go:28.31,29.32 1 0
github.com/disaster37/go-kibana-rest/kbapi/api.kibana_status.go:32.4,32.61 1 0
github.com/disaster37/go-kibana-rest/kbapi/api.kibana_status.go:29.32,31.5 1 0
github.com/disaster37/go-kibana-rest/kbapi/api.kibana_status.go:36.17,38.4 1 0
github.com/disaster37/go-kibana-rest/kbapi/error.go:14.34,16.2 1 0
github.com/disaster37/go-kibana-rest/kbapi/error.go:19.76,24.2 1 1
github.com/disaster37/go-kibana-rest/kbapi/api._.go:57.32,90.2 1 1
github.com/disaster37/go-kibana-rest/kbapi/api.kibana_dashboard.go:22.74,23.83 1 1
github.com/disaster37/go-kibana-rest/kbapi/api.kibana_dashboard.go:23.83,25.23 1 2
github.com/disaster37/go-kibana-rest/kbapi/api.kibana_dashboard.go:28.3,32.52 4 2
github.com/disaster37/go-kibana-rest/kbapi/api.kibana_dashboard.go:38.3,42.17 4 2
github.com/disaster37/go-kibana-rest/kbapi/api.kibana_dashboard.go:45.3,46.31 2 2
github.com/disaster37/go-kibana-rest/kbapi/api.kibana_dashboard.go:53.3,55.17 3 2
github.com/disaster37/go-kibana-rest/kbapi/api.kibana_dashboard.go:58.3,60.19 2 2
github.com/disaster37/go-kibana-rest/kbapi/api.kibana_dashboard.go:25.23,27.4 1 0
github.com/disaster37/go-kibana-rest/kbapi/api.kibana_dashboard.go:32.52,34.4 1 1
github.com/disaster37/go-kibana-rest/kbapi/api.kibana_dashboard.go:34.9,36.4 1 1
github.com/disaster37/go-kibana-rest/kbapi/api.kibana_dashboard.go:42.17,44.4 1 0
github.com/disaster37/go-kibana-rest/kbapi/api.kibana_dashboard.go:46.31,47.32 1 0
github.com/disaster37/go-kibana-rest/kbapi/api.kibana_dashboard.go:50.4,50.61 1 0
github.com/disaster37/go-kibana-rest/kbapi/api.kibana_dashboard.go:47.32,49.5 1 0
github.com/disaster37/go-kibana-rest/kbapi/api.kibana_dashboard.go:55.17,57.4 1 0
github.com/disaster37/go-kibana-rest/kbapi/api.kibana_dashboard.go:66.74,67.107 1 1
github.com/disaster37/go-kibana-rest/kbapi/api.kibana_dashboard.go:67.107,69.18 1 2
github.com/disaster37/go-kibana-rest/kbapi/api.kibana_dashboard.go:72.3,78.52 6 2
github.com/disaster37/go-kibana-rest/kbapi/api.kibana_dashboard.go:84.3,87.31 3 2
github.com/disaster37/go-kibana-rest/kbapi/api.kibana_dashboard.go:90.3,91.17 2 2
github.com/disaster37/go-kibana-rest/kbapi/api.kibana_dashboard.go:94.3,95.17 2 2
github.com/disaster37/go-kibana-rest/kbapi/api.kibana_dashboard.go:98.3,99.31 2 2
github.com/disaster37/go-kibana-rest/kbapi/api.kibana_dashboard.go:102.3,104.17 3 2
github.com/disaster37/go-kibana-rest/kbapi/api.kibana_dashboard.go:107.3,111.13 2 2
github.com/disaster37/go-kibana-rest/kbapi/api.kibana_dashboard.go:69.18,71.4 1 0
github.com/disaster37/go-kibana-rest/kbapi/api.kibana_dashboard.go:78.52,80.4 1 1
github.com/disaster37/go-kibana-rest/kbapi/api.kibana_dashboard.go:80.9,82.4 1 1
github.com/disaster37/go-kibana-rest/kbapi/api.kibana_dashboard.go:87.31,89.4 1 0
github.com/disaster37/go-kibana-rest/kbapi/api.kibana_dashboard.go:91.17,93.4 1 0
github.com/disaster37/go-kibana-rest/kbapi/api.kibana_dashboard.go:95.17,97.4 1 0
github.com/disaster37/go-kibana-rest/kbapi/api.kibana_dashboard.go:99.31,101.4 1 0
github.com/disaster37/go-kibana-rest/kbapi/api.kibana_dashboard.go:104.17,106.4 1 0
github.com/disaster37/go-kibana-rest/kbapi/api.kibana_role_management.go:67.38,70.2 2 4
github.com/disaster37/go-kibana-rest/kbapi/api.kibana_role_management.go:73.78,74.48 1 2
github.com/disaster37/go-kibana-rest/kbapi/api.kibana_role_management.go:74.48,76.17 1 3
github.com/disaster37/go-kibana-rest/kbapi/api.kibana_role_management.go:79.3,83.17 4 3
github.com/disaster37/go-kibana-rest/kbapi/api.kibana_role_management.go:86.3,87.31 2 3
github.com/disaster37/go-kibana-rest/kbapi/api.kibana_role_management.go:93.3,95.17 3 2
github.com/disaster37/go-kibana-rest/kbapi/api.kibana_role_management.go:98.3,100.25 2 2
github.com/disaster37/go-kibana-rest/kbapi/api.kibana_role_management.go:76.17,78.4 1 0
github.com/disaster37/go-kibana-rest/kbapi/api.kibana_role_management.go:83.17,85.4 1 0
github.com/disaster37/go-kibana-rest/kbapi/api.kibana_role_management.go:87.31,88.32 1 1
github.com/disaster37/go-kibana-rest/kbapi/api.kibana_role_management.go:91.4,91.61 1 0
github.com/disaster37/go-kibana-rest/kbapi/api.kibana_role_management.go:88.32,90.5 1 1
github.com/disaster37/go-kibana-rest/kbapi/api.kibana_role_management.go:95.17,97.4 1 0
github.com/disaster37/go-kibana-rest/kbapi/api.kibana_role_management.go:106.80,107.37 1 1
github.com/disaster37/go-kibana-rest/kbapi/api.kibana_role_management.go:107.37,110.17 2 1
github.com/disaster37/go-kibana-rest/kbapi/api.kibana_role_management.go:113.3,114.31 2 1
github.com/disaster37/go-kibana-rest/kbapi/api.kibana_role_management.go:117.3,119.17 3 1
github.com/disaster37/go-kibana-rest/kbapi/api.kibana_role_management.go:122.3,124.26 2 1
github.com/disaster37/go-kibana-rest/kbapi/api.kibana_role_management.go:110.17,112.4 1 0
github.com/disaster37/go-kibana-rest/kbapi/api.kibana_role_management.go:114.31,116.4 1 0
github.com/disaster37/go-kibana-rest/kbapi/api.kibana_role_management.go:119.17,121.4 1 0
github.com/disaster37/go-kibana-rest/kbapi/api.kibana_role_management.go:130.100,131.59 1 1
github.com/disaster37/go-kibana-rest/kbapi/api.kibana_role_management.go:131.59,133.24 1 1
github.com/disaster37/go-kibana-rest/kbapi/api.kibana_role_management.go:136.3,143.17 7 1
github.com/disaster37/go-kibana-rest/kbapi/api.kibana_role_management.go:146.3,147.17 2 1
github.com/disaster37/go-kibana-rest/kbapi/api.kibana_role_management.go:150.3,151.31 2 1
github.com/disaster37/go-kibana-rest/kbapi/api.kibana_role_management.go:156.3,157.17 2 1
github.com/disaster37/go-kibana-rest/kbapi/api.kibana_role_management.go:161.3,163.25 2 1
github.com/disaster37/go-kibana-rest/kbapi/api.kibana_role_management.go:133.24,135.4 1 0
github.com/disaster37/go-kibana-rest/kbapi/api.kibana_role_management.go:143.17,145.4 1 0
github.com/disaster37/go-kibana-rest/kbapi/api.kibana_role_management.go:147.17,149.4 1 0
github.com/disaster37/go-kibana-rest/kbapi/api.kibana_role_management.go:151.31,153.4 1 0
github.com/disaster37/go-kibana-rest/kbapi/api.kibana_role_management.go:157.17,159.4 1 0
github.com/disaster37/go-kibana-rest/kbapi/api.kibana_role_management.go:169.84,170.33 1 1
github.com/disaster37/go-kibana-rest/kbapi/api.kibana_role_management.go:170.33,172.17 1 1
github.com/disaster37/go-kibana-rest/kbapi/api.kibana_role_management.go:175.3,179.17 4 1
github.com/disaster37/go-kibana-rest/kbapi/api.kibana_role_management.go:182.3,183.31 2 1
github.com/disaster37/go-kibana-rest/kbapi/api.kibana_role_management.go:187.3,187.13 1 1
github.com/disaster37/go-kibana-rest/kbapi/api.kibana_role_management.go:172.17,174.4 1 0
github.com/disaster37/go-kibana-rest/kbapi/api.kibana_role_management.go:179.17,181.4 1 0
github.com/disaster37/go-kibana-rest/kbapi/api.kibana_role_management.go:183.31,185.4 1 0
github.com/disaster37/go-kibana-rest/kbapi/api.kibana_save_object.go:52.72,53.96 1 1
github.com/disaster37/go-kibana-rest/kbapi/api.kibana_save_object.go:53.96,55.23 1 4
github.com/disaster37/go-kibana-rest/kbapi/api.kibana_save_object.go:58.3,58.15 1 4
github.com/disaster37/go-kibana-rest/kbapi/api.kibana_save_object.go:61.3,66.52 5 4
github.com/disaster37/go-kibana-rest/kbapi/api.kibana_save_object.go:71.3,74.17 3 4
github.com/disaster37/go-kibana-rest/kbapi/api.kibana_save_object.go:77.3,78.31 2 4
github.com/disaster37/go-kibana-rest/kbapi/api.kibana_save_object.go:85.3,87.17 3 2
github.com/disaster37/go-kibana-rest/kbapi/api.kibana_save_object.go:90.3,92.19 2 2
github.com/disaster37/go-kibana-rest/kbapi/api.kibana_save_object.go:55.23,57.4 1 0
github.com/disaster37/go-kibana-rest/kbapi/api.kibana_save_object.go:58.15,60.4 1 0
github.com/disaster37/go-kibana-rest/kbapi/api.kibana_save_object.go:66.52,68.4 1 2
github.com/disaster37/go-kibana-rest/kbapi/api.kibana_save_object.go:68.9,70.4 1 2
github.com/disaster37/go-kibana-rest/kbapi/api.kibana_save_object.go:74.17,76.4 1 0
github.com/disaster37/go-kibana-rest/kbapi/api.kibana_save_object.go:78.31,79.32 1 2
github.com/disaster37/go-kibana-rest/kbapi/api.kibana_save_object.go:82.4,82.61 1 0
github.com/disaster37/go-kibana-rest/kbapi/api.kibana_save_object.go:79.32,81.5 1 2
github.com/disaster37/go-kibana-rest/kbapi/api.kibana_save_object.go:87.17,89.4 1 0
github.com/disaster37/go-kibana-rest/kbapi/api.kibana_save_object.go:98.74,99.129 1 1
github.com/disaster37/go-kibana-rest/kbapi/api.kibana_save_object.go:99.129,101.23 1 0
github.com/disaster37/go-kibana-rest/kbapi/api.kibana_save_object.go:104.3,110.32 4 0
github.com/disaster37/go-kibana-rest/kbapi/api.kibana_save_object.go:145.3,146.52 2 0
github.com/disaster37/go-kibana-rest/kbapi/api.kibana_save_object.go:151.3,154.17 3 0
github.com/disaster37/go-kibana-rest/kbapi/api.kibana_save_object.go:157.3,158.31 2 0
github.com/disaster37/go-kibana-rest/kbapi/api.kibana_save_object.go:165.3,167.17 3 0
github.com/disaster37/go-kibana-rest/kbapi/api.kibana_save_object.go:170.3,172.19 2 0
github.com/disaster37/go-kibana-rest/kbapi/api.kibana_save_object.go:101.23,103.4 1 0
github.com/disaster37/go-kibana-rest/kbapi/api.kibana_save_object.go:110.32,119.46 9 0
github.com/disaster37/go-kibana-rest/kbapi/api.kibana_save_object.go:122.4,122.36 1 0
github.com/disaster37/go-kibana-rest/kbapi/api.kibana_save_object.go:125.4,125.39 1 0
github.com/disaster37/go-kibana-rest/kbapi/api.kibana_save_object.go:128.4,128.54 1 0
github.com/disaster37/go-kibana-rest/kbapi/api.kibana_save_object.go:131.4,131.46 1 0
github.com/disaster37/go-kibana-rest/kbapi/api.kibana_save_object.go:134.4,134.40 1 0
github.com/disaster37/go-kibana-rest/kbapi/api.kibana_save_object.go:137.4,137.42 1 0
github.com/disaster37/go-kibana-rest/kbapi/api.kibana_save_object.go:140.4,140.45 1 0
github.com/disaster37/go-kibana-rest/kbapi/api.kibana_save_object.go:119.46,121.5 1 0
github.com/disaster37/go-kibana-rest/kbapi/api.kibana_save_object.go:122.36,124.5 1 0
github.com/disaster37/go-kibana-rest/kbapi/api.kibana_save_object.go:125.39,127.5 1 0
github.com/disaster37/go-kibana-rest/kbapi/api.kibana_save_object.go:128.54,130.5 1 0
github.com/disaster37/go-kibana-rest/kbapi/api.kibana_save_object.go:131.46,133.5 1 0
github.com/disaster37/go-kibana-rest/kbapi/api.kibana_save_object.go:134.40,136.5 1 0
github.com/disaster37/go-kibana-rest/kbapi/api.kibana_save_object.go:137.42,139.5 1 0
github.com/disaster37/go-kibana-rest/kbapi/api.kibana_save_object.go:140.45,142.5 1 0
github.com/disaster37/go-kibana-rest/kbapi/api.kibana_save_object.go:146.52,148.4 1 0
github.com/disaster37/go-kibana-rest/kbapi/api.kibana_save_object.go:148.9,150.4 1 0
github.com/disaster37/go-kibana-rest/kbapi/api.kibana_save_object.go:154.17,156.4 1 0
github.com/disaster37/go-kibana-rest/kbapi/api.kibana_save_object.go:158.31,159.32 1 0
github.com/disaster37/go-kibana-rest/kbapi/api.kibana_save_object.go:162.4,162.61 1 0
github.com/disaster37/go-kibana-rest/kbapi/api.kibana_save_object.go:159.32,161.5 1 0
github.com/disaster37/go-kibana-rest/kbapi/api.kibana_save_object.go:167.17,169.4 1 0
github.com/disaster37/go-kibana-rest/kbapi/api.kibana_save_object.go:178.78,179.141 1 1
github.com/disaster37/go-kibana-rest/kbapi/api.kibana_save_object.go:179.141,181.18 1 2
github.com/disaster37/go-kibana-rest/kbapi/api.kibana_save_object.go:184.3,184.23 1 2
github.com/disaster37/go-kibana-rest/kbapi/api.kibana_save_object.go:187.3,194.52 7 2
github.com/disaster37/go-kibana-rest/kbapi/api.kibana_save_object.go:199.3,202.17 3 2
github.com/disaster37/go-kibana-rest/kbapi/api.kibana_save_object.go:205.3,206.17 2 2
github.com/disaster37/go-kibana-rest/kbapi/api.kibana_save_object.go:209.3,210.31 2 2
github.com/disaster37/go-kibana-rest/kbapi/api.kibana_save_object.go:213.3,215.17 3 2
github.com/disaster37/go-kibana-rest/kbapi/api.kibana_save_object.go:218.3,220.27 2 2
github.com/disaster37/go-kibana-rest/kbapi/api.kibana_save_object.go:181.18,183.4 1 0
github.com/disaster37/go-kibana-rest/kbapi/api.kibana_save_object.go:184.23,186.4 1 0
github.com/disaster37/go-kibana-rest/kbapi/api.kibana_save_object.go:194.52,196.4 1 1
github.com/disaster37/go-kibana-rest/kbapi/api.kibana_save_object.go:196.9,198.4 1 1
github.com/disaster37/go-kibana-rest/kbapi/api.kibana_save_object.go:202.17,204.4 1 0
github.com/disaster37/go-kibana-rest/kbapi/api.kibana_save_object.go:206.17,208.4 1 0
github.com/disaster37/go-kibana-rest/kbapi/api.kibana_save_object.go:210.31,212.4 1 0
github.com/disaster37/go-kibana-rest/kbapi/api.kibana_save_object.go:215.17,217.4 1 0
github.com/disaster37/go-kibana-rest/kbapi/api.kibana_save_object.go:225.78,226.125 1 1
github.com/disaster37/go-kibana-rest/kbapi/api.kibana_save_object.go:226.125,228.18 1 2
github.com/disaster37/go-kibana-rest/kbapi/api.kibana_save_object.go:231.3,231.23 1 2
github.com/disaster37/go-kibana-rest/kbapi/api.kibana_save_object.go:234.3,234.15 1 2
github.com/disaster37/go-kibana-rest/kbapi/api.kibana_save_object.go:237.3,243.52 6 2
github.com/disaster37/go-kibana-rest/kbapi/api.kibana_save_object.go:248.3,251.17 3 2
github.com/disaster37/go-kibana-rest/kbapi/api.kibana_save_object.go:254.3,255.17 2 2
github.com/disaster37/go-kibana-rest/kbapi/api.kibana_save_object.go:258.3,259.31 2 2
github.com/disaster37/go-kibana-rest/kbapi/api.kibana_save_object.go:262.3,264.17 3 2
github.com/disaster37/go-kibana-rest/kbapi/api.kibana_save_object.go:267.3,269.27 2 2
github.com/disaster37/go-kibana-rest/kbapi/api.kibana_save_object.go:228.18,230.4 1 0
github.com/disaster37/go-kibana-rest/kbapi/api.kibana_save_object.go:231.23,233.4 1 0
github.com/disaster37/go-kibana-rest/kbapi/api.kibana_save_object.go:234.15,236.4 1 0
github.com/disaster37/go-kibana-rest/kbapi/api.kibana_save_object.go:243.52,245.4 1 1
github.com/disaster37/go-kibana-rest/kbapi/api.kibana_save_object.go:245.9,247.4 1 1
github.com/disaster37/go-kibana-rest/kbapi/api.kibana_save_object.go:251.17,253.4 1 0
github.com/disaster37/go-kibana-rest/kbapi/api.kibana_save_object.go:255.17,257.4 1 0
github.com/disaster37/go-kibana-rest/kbapi/api.kibana_save_object.go:259.31,261.4 1 0
github.com/disaster37/go-kibana-rest/kbapi/api.kibana_save_object.go:264.17,266.4 1 0
github.com/disaster37/go-kibana-rest/kbapi/api.kibana_save_object.go:274.78,275.70 1 1
github.com/disaster37/go-kibana-rest/kbapi/api.kibana_save_object.go:275.70,277.23 1 2
github.com/disaster37/go-kibana-rest/kbapi/api.kibana_save_object.go:280.3,280.15 1 2
github.com/disaster37/go-kibana-rest/kbapi/api.kibana_save_object.go:283.3,288.52 5 2
github.com/disaster37/go-kibana-rest/kbapi/api.kibana_save_object.go:293.3,296.17 3 2
github.com/disaster37/go-kibana-rest/kbapi/api.kibana_save_object.go:299.3,300.31 2 2
github.com/disaster37/go-kibana-rest/kbapi/api.kibana_save_object.go:303.3,305.17 3 2
github.com/disaster37/go-kibana-rest/kbapi/api.kibana_save_object.go:308.3,310.13 2 2
github.com/disaster37/go-kibana-rest/kbapi/api.kibana_save_object.go:277.23,279.4 1 0
github.com/disaster37/go-kibana-rest/kbapi/api.kibana_save_object.go:280.15,282.4 1 0
github.com/disaster37/go-kibana-rest/kbapi/api.kibana_save_object.go:288.52,290.4 1 1
github.com/disaster37/go-kibana-rest/kbapi/api.kibana_save_object.go:290.9,292.4 1 1
github.com/disaster37/go-kibana-rest/kbapi/api.kibana_save_object.go:296.17,298.4 1 0
github.com/disaster37/go-kibana-rest/kbapi/api.kibana_save_object.go:300.31,302.4 1 0
github.com/disaster37/go-kibana-rest/kbapi/api.kibana_save_object.go:305.17,307.4 1 0
github.com/disaster37/go-kibana-rest/kbapi/api.kibana_save_object.go:315.78,316.137 1 1
github.com/disaster37/go-kibana-rest/kbapi/api.kibana_save_object.go:316.137,325.27 6 2
github.com/disaster37/go-kibana-rest/kbapi/api.kibana_save_object.go:328.3,328.23 1 2
github.com/disaster37/go-kibana-rest/kbapi/api.kibana_save_object.go:331.3,335.52 4 2
github.com/disaster37/go-kibana-rest/kbapi/api.kibana_save_object.go:340.3,343.17 3 2
github.com/disaster37/go-kibana-rest/kbapi/api.kibana_save_object.go:346.3,347.17 2 2
github.com/disaster37/go-kibana-rest/kbapi/api.kibana_save_object.go:350.3,351.31 2 2
github.com/disaster37/go-kibana-rest/kbapi/api.kibana_save_object.go:354.3,356.17 3 2
github.com/disaster37/go-kibana-rest/kbapi/api.kibana_save_object.go:359.3,361.27 2 2
github.com/disaster37/go-kibana-rest/kbapi/api.kibana_save_object.go:325.27,327.4 1 0
github.com/disaster37/go-kibana-rest/kbapi/api.kibana_save_object.go:328.23,330.4 1 2
github.com/disaster37/go-kibana-rest/kbapi/api.kibana_save_object.go:335.52,337.4 1 1
github.com/disaster37/go-kibana-rest/kbapi/api.kibana_save_object.go:337.9,339.4 1 1
github.com/disaster37/go-kibana-rest/kbapi/api.kibana_save_object.go:343.17,345.4 1 0
github.com/disaster37/go-kibana-rest/kbapi/api.kibana_save_object.go:347.17,349.4 1 0
github.com/disaster37/go-kibana-rest/kbapi/api.kibana_save_object.go:351.31,353.4 1 0
github.com/disaster37/go-kibana-rest/kbapi/api.kibana_save_object.go:356.17,358.4 1 0
github.com/disaster37/go-kibana-rest/kbapi/api.kibana_save_object.go:367.78,368.95 1 1
github.com/disaster37/go-kibana-rest/kbapi/api.kibana_save_object.go:368.95,370.21 1 2
github.com/disaster37/go-kibana-rest/kbapi/api.kibana_save_object.go:374.3,379.52 5 2
github.com/disaster37/go-kibana-rest/kbapi/api.kibana_save_object.go:384.3,390.17 3 2
github.com/disaster37/go-kibana-rest/kbapi/api.kibana_save_object.go:393.3,394.31 2 2
github.com/disaster37/go-kibana-rest/kbapi/api.kibana_save_object.go:397.3,399.17 3 2
github.com/disaster37/go-kibana-rest/kbapi/api.kibana_save_object.go:402.3,404.27 2 2
github.com/disaster37/go-kibana-rest/kbapi/api.kibana_save_object.go:370.21,372.4 1 0
github.com/disaster37/go-kibana-rest/kbapi/api.kibana_save_object.go:379.52,381.4 1 1
github.com/disaster37/go-kibana-rest/kbapi/api.kibana_save_object.go:381.9,383.4 1 1
github.com/disaster37/go-kibana-rest/kbapi/api.kibana_save_object.go:390.17,392.4 1 0
github.com/disaster37/go-kibana-rest/kbapi/api.kibana_save_object.go:394.31,396.4 1 0
github.com/disaster37/go-kibana-rest/kbapi/api.kibana_save_object.go:399.17,401.4 1 0
github.com/disaster37/go-kibana-rest/kbapi/api.kibana_spaces.go:63.39,66.2 2 6
github.com/disaster37/go-kibana-rest/kbapi/api.kibana_spaces.go:69.60,70.47 1 1
github.com/disaster37/go-kibana-rest/kbapi/api.kibana_spaces.go:70.47,72.15 1 2
github.com/disaster37/go-kibana-rest/kbapi/api.kibana_spaces.go:75.3,79.17 4 2
github.com/disaster37/go-kibana-rest/kbapi/api.kibana_spaces.go:82.3,83.31 2 2
github.com/disaster37/go-kibana-rest/kbapi/api.kibana_spaces.go:90.3,92.17 3 1
github.com/disaster37/go-kibana-rest/kbapi/api.kibana_spaces.go:95.3,97.26 2 1
github.com/disaster37/go-kibana-rest/kbapi/api.kibana_spaces.go:72.15,74.4 1 0
github.com/disaster37/go-kibana-rest/kbapi/api.kibana_spaces.go:79.17,81.4 1 0
github.com/disaster37/go-kibana-rest/kbapi/api.kibana_spaces.go:83.31,84.32 1 1
github.com/disaster37/go-kibana-rest/kbapi/api.kibana_spaces.go:87.4,87.61 1 0
github.com/disaster37/go-kibana-rest/kbapi/api.kibana_spaces.go:84.32,86.5 1 1
github.com/disaster37/go-kibana-rest/kbapi/api.kibana_spaces.go:92.17,94.4 1 0
github.com/disaster37/go-kibana-rest/kbapi/api.kibana_spaces.go:103.62,104.38 1 1
github.com/disaster37/go-kibana-rest/kbapi/api.kibana_spaces.go:104.38,108.17 3 2
github.com/disaster37/go-kibana-rest/kbapi/api.kibana_spaces.go:111.3,112.31 2 2
github.com/disaster37/go-kibana-rest/kbapi/api.kibana_spaces.go:115.3,117.17 3 2
github.com/disaster37/go-kibana-rest/kbapi/api.kibana_spaces.go:120.3,122.27 2 2
github.com/disaster37/go-kibana-rest/kbapi/api.kibana_spaces.go:108.17,110.4 1 0
github.com/disaster37/go-kibana-rest/kbapi/api.kibana_spaces.go:112.31,114.4 1 0
github.com/disaster37/go-kibana-rest/kbapi/api.kibana_spaces.go:117.17,119.4 1 0
github.com/disaster37/go-kibana-rest/kbapi/api.kibana_spaces.go:128.66,129.62 1 1
github.com/disaster37/go-kibana-rest/kbapi/api.kibana_spaces.go:129.62,131.25 1 2
github.com/disaster37/go-kibana-rest/kbapi/api.kibana_spaces.go:134.3,137.17 3 2
github.com/disaster37/go-kibana-rest/kbapi/api.kibana_spaces.go:140.3,142.17 3 2
github.com/disaster37/go-kibana-rest/kbapi/api.kibana_spaces.go:146.3,147.31 2 2
github.com/disaster37/go-kibana-rest/kbapi/api.kibana_spaces.go:150.3,152.17 3 1
github.com/disaster37/go-kibana-rest/kbapi/api.kibana_spaces.go:155.3,157.26 2 1
github.com/disaster37/go-kibana-rest/kbapi/api.kibana_spaces.go:131.25,133.4 1 0
github.com/disaster37/go-kibana-rest/kbapi/api.kibana_spaces.go:137.17,139.4 1 0
github.com/disaster37/go-kibana-rest/kbapi/api.kibana_spaces.go:142.17,144.4 1 0
github.com/disaster37/go-kibana-rest/kbapi/api.kibana_spaces.go:147.31,149.4 1 1
github.com/disaster37/go-kibana-rest/kbapi/api.kibana_spaces.go:152.17,154.4 1 0
github.com/disaster37/go-kibana-rest/kbapi/api.kibana_spaces.go:163.86,164.88 1 1
github.com/disaster37/go-kibana-rest/kbapi/api.kibana_spaces.go:164.88,166.23 1 1
github.com/disaster37/go-kibana-rest/kbapi/api.kibana_spaces.go:169.3,173.24 4 1
github.com/disaster37/go-kibana-rest/kbapi/api.kibana_spaces.go:178.3,179.17 2 1
github.com/disaster37/go-kibana-rest/kbapi/api.kibana_spaces.go:182.3,183.17 2 1
github.com/disaster37/go-kibana-rest/kbapi/api.kibana_spaces.go:187.3,188.31 2 1
github.com/disaster37/go-kibana-rest/kbapi/api.kibana_spaces.go:191.3,193.17 3 1
github.com/disaster37/go-kibana-rest/kbapi/api.kibana_spaces.go:196.3,199.34 3 1
github.com/disaster37/go-kibana-rest/kbapi/api.kibana_spaces.go:204.3,204.22 1 1
github.com/disaster37/go-kibana-rest/kbapi/api.kibana_spaces.go:208.3,208.13 1 1
github.com/disaster37/go-kibana-rest/kbapi/api.kibana_spaces.go:166.23,168.4 1 0
github.com/disaster37/go-kibana-rest/kbapi/api.kibana_spaces.go:173.24,175.4 1 1
github.com/disaster37/go-kibana-rest/kbapi/api.kibana_spaces.go:175.9,177.4 1 0
github.com/disaster37/go-kibana-rest/kbapi/api.kibana_spaces.go:179.17,181.4 1 0
github.com/disaster37/go-kibana-rest/kbapi/api.kibana_spaces.go:183.17,185.4 1 0
github.com/disaster37/go-kibana-rest/kbapi/api.kibana_spaces.go:188.31,190.4 1 0
github.com/disaster37/go-kibana-rest/kbapi/api.kibana_spaces.go:193.17,195.4 1 0
github.com/disaster37/go-kibana-rest/kbapi/api.kibana_spaces.go:199.34,200.66 1 1
github.com/disaster37/go-kibana-rest/kbapi/api.kibana_spaces.go:200.66,202.5 1 0
github.com/disaster37/go-kibana-rest/kbapi/api.kibana_spaces.go:204.22,206.4 1 0
github.com/disaster37/go-kibana-rest/kbapi/api.kibana_spaces.go:214.66,215.31 1 1
github.com/disaster37/go-kibana-rest/kbapi/api.kibana_spaces.go:215.31,217.15 1 1
github.com/disaster37/go-kibana-rest/kbapi/api.kibana_spaces.go:221.3,225.17 4 1
github.com/disaster37/go-kibana-rest/kbapi/api.kibana_spaces.go:228.3,229.31 2 1
github.com/disaster37/go-kibana-rest/kbapi/api.kibana_spaces.go:235.3,235.13 1 1
github.com/disaster37/go-kibana-rest/kbapi/api.kibana_spaces.go:217.15,219.4 1 0
github.com/disaster37/go-kibana-rest/kbapi/api.kibana_spaces.go:225.17,227.4 1 0
github.com/disaster37/go-kibana-rest/kbapi/api.kibana_spaces.go:229.31,233.4 1 0
github.com/disaster37/go-kibana-rest/kbapi/api.kibana_spaces.go:241.66,242.62 1 1
github.com/disaster37/go-kibana-rest/kbapi/api.kibana_spaces.go:242.62,244.25 1 1
github.com/disaster37/go-kibana-rest/kbapi/api.kibana_spaces.go:247.3,250.17 3 1
github.com/disaster37/go-kibana-rest/kbapi/api.kibana_spaces.go:253.3,255.17 3 1
github.com/disaster37/go-kibana-rest/kbapi/api.kibana_spaces.go:259.3,260.31 2 1
github.com/disaster37/go-kibana-rest/kbapi/api.kibana_spaces.go:263.3,265.17 3 1
github.com/disaster37/go-kibana-rest/kbapi/api.kibana_spaces.go:268.3,270.26 2 1
github.com/disaster37/go-kibana-rest/kbapi/api.kibana_spaces.go:244.25,246.4 1 0
github.com/disaster37/go-kibana-rest/kbapi/api.kibana_spaces.go:250.17,252.4 1 0
github.com/disaster37/go-kibana-rest/kbapi/api.kibana_spaces.go:255.17,257.4 1 0
github.com/disaster37/go-kibana-rest/kbapi/api.kibana_spaces.go:260.31,262.4 1 0
github.com/disaster37/go-kibana-rest/kbapi/api.kibana_spaces.go:265.17,267.4 1 0
